#-----------------------------------------------------------
# Vivado v2018.2 (64-bit)
# SW Build 2258646 on Thu Jun 14 20:03:12 MDT 2018
# IP Build 2256618 on Thu Jun 14 22:10:49 MDT 2018
# Start of session at: Wed Apr  3 01:23:00 2019
# Process ID: 12672
# Current directory: C:/Users/hashi/Desktop/Hashir/NUS-Academic/YR1S2/EE2026/Project/Audio_Viz_Project_Template
# Command line: vivado.exe -gui_launcher_event rodinguilauncherevent15476 C:\Users\hashi\Desktop\Hashir\NUS-Academic\YR1S2\EE2026\Project\Audio_Viz_Project_Template\Audio_Viz_Project_Template.xpr
# Log file: C:/Users/hashi/Desktop/Hashir/NUS-Academic/YR1S2/EE2026/Project/Audio_Viz_Project_Template/vivado.log
# Journal file: C:/Users/hashi/Desktop/Hashir/NUS-Academic/YR1S2/EE2026/Project/Audio_Viz_Project_Template\vivado.jou
#-----------------------------------------------------------
start_gui
open_project C:/Users/hashi/Desktop/Hashir/NUS-Academic/YR1S2/EE2026/Project/Audio_Viz_Project_Template/Audio_Viz_Project_Template.xpr
INFO: [ProjectBase 1-489] The host OS only allows 260 characters in a normal path. The project is stored in a path with more than 80 characters. If you experience issues with IP, Block Designs, or files not being found, please consider moving the project to a location with a shorter path. Alternately consider using the OS subst command to map part of the path to a drive letter.
Current project path is 'C:/Users/hashi/Desktop/Hashir/NUS-Academic/YR1S2/EE2026/Project/Audio_Viz_Project_Template'
Scanning sources...
Finished scanning sources
INFO: [IP_Flow 19-234] Refreshing IP repositories
INFO: [IP_Flow 19-1704] No user IP repositories specified
INFO: [IP_Flow 19-2313] Loaded Vivado IP repository 'C:/Xilinx/Vivado/2018.2/data/ip'.
close [ open C:/Users/hashi/Desktop/Hashir/NUS-Academic/YR1S2/EE2026/Project/Audio_Viz_Project_Template/Audio_Viz_Project_Template.srcs/sources_1/new/sine.v w ]
add_files C:/Users/hashi/Desktop/Hashir/NUS-Academic/YR1S2/EE2026/Project/Audio_Viz_Project_Template/Audio_Viz_Project_Template.srcs/sources_1/new/sine.v
close [ open C:/Users/hashi/Desktop/Hashir/NUS-Academic/YR1S2/EE2026/Project/Audio_Viz_Project_Template/Audio_Viz_Project_Template.srcs/sources_1/new/cosine.v w ]
add_files C:/Users/hashi/Desktop/Hashir/NUS-Academic/YR1S2/EE2026/Project/Audio_Viz_Project_Template/Audio_Viz_Project_Template.srcs/sources_1/new/cosine.v
reset_run synth_1
launch_runs impl_1 -to_step write_bitstream -jobs 12
[Wed Apr  3 01:34:05 2019] Launched synth_1...
Run output will be captured here: C:/Users/hashi/Desktop/Hashir/NUS-Academic/YR1S2/EE2026/Project/Audio_Viz_Project_Template/Audio_Viz_Project_Template.runs/synth_1/runme.log
[Wed Apr  3 01:34:05 2019] Launched impl_1...
Run output will be captured here: C:/Users/hashi/Desktop/Hashir/NUS-Academic/YR1S2/EE2026/Project/Audio_Viz_Project_Template/Audio_Viz_Project_Template.runs/impl_1/runme.log
open_run impl_1
INFO: [Netlist 29-17] Analyzing 256 Unisim elements for replacement
INFO: [Netlist 29-28] Unisim Transformation completed in 0 CPU seconds
INFO: [Project 1-479] Netlist was created with Vivado 2018.2
INFO: [Device 21-403] Loading part xc7a35tcpg236-1
INFO: [Project 1-570] Preparing netlist for logic optimization
INFO: [Timing 38-478] Restoring timing data from binary archive.
INFO: [Common 17-41] Interrupt caught. Command should exit soon.
INFO: [Timing 38-479] Binary timing data restore complete.
INFO: [Project 1-856] Restoring constraints from binary archive.
INFO: [Project 1-853] Binary constraint restore complete.
Reading XDEF placement.
Reading placer database...
Reading XDEF routing.
Restored from archive | CPU: 0.000000 secs | Memory: 0.000000 MB |
Finished XDEF File Restore: Time (s): cpu = 00:00:00 ; elapsed = 00:00:00.121 . Memory (MB): peak = 1714.969 ; gain = 0.000
open_run: Time (s): cpu = 00:00:17 ; elapsed = 00:00:19 . Memory (MB): peak = 1714.969 ; gain = 830.418
INFO: [Common 17-344] 'open_run' was cancelled
open_hw
connect_hw_server
INFO: [Labtools 27-2285] Connecting to hw_server url TCP:localhost:3121
INFO: [Labtools 27-2222] Launching hw_server...
INFO: [Labtools 27-2221] Launch Output:

****** Xilinx hw_server v2018.2
  **** Build date : Jun 14 2018-20:42:52
    ** Copyright 1986-2018 Xilinx, Inc. All Rights Reserved.


open_hw_target
INFO: [Labtoolstcl 44-466] Opening hw_target localhost:3121/xilinx_tcf/Digilent/210183714378A
set_property PROGRAM.FILE {C:\Users\hashi\Downloads\Voice_Scope_TOP.bit} [get_hw_devices xc7a35t_0]
current_hw_device [get_hw_devices xc7a35t_0]
refresh_hw_device -update_hw_probes false [lindex [get_hw_devices xc7a35t_0] 0]
INFO: [Labtools 27-1434] Device xc7a35t (JTAG device index = 0) is programmed with a design that has no supported debug core(s) in it.
WARNING: [Labtools 27-3361] The debug hub core was not detected.
Resolution: 
1. Make sure the clock connected to the debug hub (dbg_hub) core is a free running clock and is active.
2. Make sure the BSCAN_SWITCH_USER_MASK device property in Vivado Hardware Manager reflects the user scan chain setting in the design and refresh the device.  To determine the user scan chain setting in the design, open the implemented design and use 'get_property C_USER_SCAN_CHAIN [get_debug_cores dbg_hub]'.
For more details on setting the scan chain property, consult the Vivado Debug and Programming User Guide (UG908).
set_property PROBES.FILE {} [get_hw_devices xc7a35t_0]
set_property FULL_PROBES.FILE {} [get_hw_devices xc7a35t_0]
set_property PROGRAM.FILE {C:/Users/hashi/Downloads/Voice_Scope_TOP.bit} [get_hw_devices xc7a35t_0]
program_hw_devices [get_hw_devices xc7a35t_0]
INFO: [Labtools 27-3164] End of startup status: HIGH
refresh_hw_device [lindex [get_hw_devices xc7a35t_0] 0]
INFO: [Labtools 27-1434] Device xc7a35t (JTAG device index = 0) is programmed with a design that has no supported debug core(s) in it.
WARNING: [Labtools 27-3361] The debug hub core was not detected.
Resolution: 
1. Make sure the clock connected to the debug hub (dbg_hub) core is a free running clock and is active.
2. Make sure the BSCAN_SWITCH_USER_MASK device property in Vivado Hardware Manager reflects the user scan chain setting in the design and refresh the device.  To determine the user scan chain setting in the design, open the implemented design and use 'get_property C_USER_SCAN_CHAIN [get_debug_cores dbg_hub]'.
For more details on setting the scan chain property, consult the Vivado Debug and Programming User Guide (UG908).
set_property PROBES.FILE {} [get_hw_devices xc7a35t_0]
set_property FULL_PROBES.FILE {} [get_hw_devices xc7a35t_0]
set_property PROGRAM.FILE {C:/Users/hashi/Desktop/Hashir/NUS-Academic/YR1S2/EE2026/Project/Audio_Viz_Project_Template/Audio_Viz_Project_Template.runs/impl_1/Voice_Scope_TOP.bit} [get_hw_devices xc7a35t_0]
program_hw_devices [get_hw_devices xc7a35t_0]
INFO: [Labtools 27-3164] End of startup status: HIGH
refresh_hw_device [lindex [get_hw_devices xc7a35t_0] 0]
INFO: [Labtools 27-1434] Device xc7a35t (JTAG device index = 0) is programmed with a design that has no supported debug core(s) in it.
WARNING: [Labtools 27-3361] The debug hub core was not detected.
Resolution: 
1. Make sure the clock connected to the debug hub (dbg_hub) core is a free running clock and is active.
2. Make sure the BSCAN_SWITCH_USER_MASK device property in Vivado Hardware Manager reflects the user scan chain setting in the design and refresh the device.  To determine the user scan chain setting in the design, open the implemented design and use 'get_property C_USER_SCAN_CHAIN [get_debug_cores dbg_hub]'.
For more details on setting the scan chain property, consult the Vivado Debug and Programming User Guide (UG908).
reset_run synth_1
launch_runs impl_1 -to_step write_bitstream -jobs 12
[Wed Apr  3 01:43:59 2019] Launched synth_1...
Run output will be captured here: C:/Users/hashi/Desktop/Hashir/NUS-Academic/YR1S2/EE2026/Project/Audio_Viz_Project_Template/Audio_Viz_Project_Template.runs/synth_1/runme.log
[Wed Apr  3 01:43:59 2019] Launched impl_1...
Run output will be captured here: C:/Users/hashi/Desktop/Hashir/NUS-Academic/YR1S2/EE2026/Project/Audio_Viz_Project_Template/Audio_Viz_Project_Template.runs/impl_1/runme.log
set_property PROBES.FILE {} [get_hw_devices xc7a35t_0]
set_property FULL_PROBES.FILE {} [get_hw_devices xc7a35t_0]
set_property PROGRAM.FILE {C:/Users/hashi/Desktop/Hashir/NUS-Academic/YR1S2/EE2026/Project/Audio_Viz_Project_Template/Audio_Viz_Project_Template.runs/impl_1/Voice_Scope_TOP.bit} [get_hw_devices xc7a35t_0]
program_hw_devices [get_hw_devices xc7a35t_0]
INFO: [Labtools 27-3164] End of startup status: HIGH
refresh_hw_device [lindex [get_hw_devices xc7a35t_0] 0]
INFO: [Labtools 27-1434] Device xc7a35t (JTAG device index = 0) is programmed with a design that has no supported debug core(s) in it.
WARNING: [Labtools 27-3361] The debug hub core was not detected.
Resolution: 
1. Make sure the clock connected to the debug hub (dbg_hub) core is a free running clock and is active.
2. Make sure the BSCAN_SWITCH_USER_MASK device property in Vivado Hardware Manager reflects the user scan chain setting in the design and refresh the device.  To determine the user scan chain setting in the design, open the implemented design and use 'get_property C_USER_SCAN_CHAIN [get_debug_cores dbg_hub]'.
For more details on setting the scan chain property, consult the Vivado Debug and Programming User Guide (UG908).
exit
INFO: [Common 17-206] Exiting Vivado at Wed Apr  3 01:47:28 2019...
